Started by user [8mha:////4Pp1PEaIKlhibbnKJ7aEIy8L3kTsIVGDr7JONbYHGedBAAAAlx+LCAAAAAAAAP9b85aBtbiIQTGjNKU4P08vOT+vOD8nVc83PyU1x6OyILUoJzMv2y+/JJUBAhiZGBgqihhk0NSjKDWzXb3RdlLBUSYGJk8GtpzUvPSSDB8G5tKinBIGIZ+sxLJE/ZzEvHT94JKizLx0a6BxUmjGOUNodHsLgAzWEgZu/dLi1CL9xJTczDwAj6GcLcAAAAA=[0madmin
Building in workspace D:\Apps\Jenkins\workspace\dummy
 > C:\Users\M1043004\AppData\Local\Programs\Git\cmd\git.exe rev-parse --is-inside-work-tree # timeout=10
Fetching changes from the remote Git repository
 > C:\Users\M1043004\AppData\Local\Programs\Git\cmd\git.exe config remote.origin.url git@glcgitlab.southindia.cloudapp.azure.com:M1043004/Amazon.git # timeout=10
Fetching upstream changes from git@glcgitlab.southindia.cloudapp.azure.com:M1043004/Amazon.git
 > C:\Users\M1043004\AppData\Local\Programs\Git\cmd\git.exe --version # timeout=10
using GIT_SSH to set credentials 
 > C:\Users\M1043004\AppData\Local\Programs\Git\cmd\git.exe fetch --tags --progress git@glcgitlab.southindia.cloudapp.azure.com:M1043004/Amazon.git +refs/heads/*:refs/remotes/origin/*
 > C:\Users\M1043004\AppData\Local\Programs\Git\cmd\git.exe rev-parse "refs/remotes/origin/master^{commit}" # timeout=10
 > C:\Users\M1043004\AppData\Local\Programs\Git\cmd\git.exe rev-parse "refs/remotes/origin/origin/master^{commit}" # timeout=10
Checking out Revision bfe36f665ee32b8f936901005d2033969f09c751 (refs/remotes/origin/master)
 > C:\Users\M1043004\AppData\Local\Programs\Git\cmd\git.exe config core.sparsecheckout # timeout=10
 > C:\Users\M1043004\AppData\Local\Programs\Git\cmd\git.exe checkout -f bfe36f665ee32b8f936901005d2033969f09c751
Commit message: "amazon"
 > C:\Users\M1043004\AppData\Local\Programs\Git\cmd\git.exe rev-list --no-walk 180f6619e2718823f56e40f41de95f41694b77b0 # timeout=10
[dummy] $ cmd /c call D:\tools\apache-tomcat-8.5.23\apache-tomcat-8.5.23\temp\jenkins3940145321532272610.bat

D:\Apps\Jenkins\workspace\dummy>mvn test 
[INFO] Scanning for projects...
[INFO] 
[INFO] ------------------------------------------------------------------------
[INFO] Building Amazon 0.0.1-SNAPSHOT
[INFO] ------------------------------------------------------------------------
[INFO] 
[INFO] --- maven-resources-plugin:2.6:resources (default-resources) @ Amazon ---
[WARNING] Using platform encoding (Cp1252 actually) to copy filtered resources, i.e. build is platform dependent!
[INFO] skip non existing resourceDirectory D:\Apps\Jenkins\workspace\dummy\src\main\resources
[INFO] 
[INFO] --- maven-compiler-plugin:3.5.1:compile (default-compile) @ Amazon ---
[INFO] Changes detected - recompiling the module!
[WARNING] File encoding has not been set, using platform encoding Cp1252, i.e. build is platform dependent!
[INFO] Compiling 21 source files to D:\Apps\Jenkins\workspace\dummy\target\classes
[INFO] 
[INFO] --- maven-resources-plugin:2.6:testResources (default-testResources) @ Amazon ---
[WARNING] Using platform encoding (Cp1252 actually) to copy filtered resources, i.e. build is platform dependent!
[INFO] skip non existing resourceDirectory D:\Apps\Jenkins\workspace\dummy\src\test\resources
[INFO] 
[INFO] --- maven-compiler-plugin:3.5.1:testCompile (default-testCompile) @ Amazon ---
[INFO] No sources to compile
[INFO] 
[INFO] --- maven-surefire-plugin:2.19.1:test (default-test) @ Amazon ---
[INFO] No tests to run.

-------------------------------------------------------
 T E S T S
-------------------------------------------------------
Running TestSuite
log4j:WARN No such property [maxFileSize] in org.apache.log4j.DailyRollingFileAppender.
log4j:WARN No such property [maxBackupIndex] in org.apache.log4j.DailyRollingFileAppender.
Starting ChromeDriver 2.34.522940 (1a76f96f66e3ca7b8e57d503b4dd3bccfba87af1) on port 46511
Only local connections are allowed.
Feb 02, 2018 12:41:38 PM org.openqa.selenium.remote.ProtocolHandshake createSession
INFO: Detected dialect: OSS
Before Navigating to'http://Amazon.in/'
After Navigating to'http://Amazon.in/'
Exception Occuredorg.openqa.selenium.UnsupportedCommandException: actions
Build info: version: '3.8.1', revision: '6e95a6684b', time: '2017-12-01T18:33:54.468Z'
System info: host: 'G1C2ML14316', ip: '172.17.124.43', os.name: 'Windows 10', os.arch: 'amd64', os.version: '10.0', java.version: '1.8.0_102'
Driver info: driver.version: EventFiringWebDriver
Exception Occuredorg.openqa.selenium.UnsupportedCommandException: actions
Build info: version: '3.8.1', revision: '6e95a6684b', time: '2017-12-01T18:33:54.468Z'
System info: host: 'G1C2ML14316', ip: '172.17.124.43', os.name: 'Windows 10', os.arch: 'amd64', os.version: '10.0', java.version: '1.8.0_102'
Driver info: driver.version: EventFiringWebDriver
Trying to click on'[[ChromeDriver: chrome on XP (c218436b0ed1aae618018a220a2fca9c)] -> id: continue]'Before any changes made
Trying to click on'[[ChromeDriver: chrome on XP (c218436b0ed1aae618018a220a2fca9c)] -> id: signInSubmit]'Before any changes made
Exception Occuredorg.openqa.selenium.UnsupportedCommandException: actions
Build info: version: '3.8.1', revision: '6e95a6684b', time: '2017-12-01T18:33:54.468Z'
System info: host: 'G1C2ML14316', ip: '172.17.124.43', os.name: 'Windows 10', os.arch: 'amd64', os.version: '10.0', java.version: '1.8.0_102'
Driver info: driver.version: EventFiringWebDriver
hidriver: org.openqa.selenium.support.events.EventFiringWebDriver@3f1d2e23
org.openqa.selenium.support.events.EventFiringWebDriver@3f1d2e23
null value
Tests run: 1, Failures: 0, Errors: 0, Skipped: 0, Time elapsed: 38.688 sec - in TestSuite

Results :

Tests run: 1, Failures: 0, Errors: 0, Skipped: 0

[INFO] ------------------------------------------------------------------------
[INFO] BUILD SUCCESS
[INFO] ------------------------------------------------------------------------
[INFO] Total time: 50.891 s
[INFO] Finished at: 2018-02-02T12:42:12+05:30
[INFO] Final Memory: 20M/122M
[INFO] ------------------------------------------------------------------------
Finished: SUCCESS
